<?xml version="1.0" encoding="UTF-8"?>
<coverage generated="1682068136538" clover="3.2.0">
  <project timestamp="1682068136538" name="All files">
    <metrics statements="8" coveredstatements="8" conditionals="0" coveredconditionals="0" methods="3" coveredmethods="3" elements="11" coveredelements="11" complexity="0" loc="8" ncloc="8" packages="1" files="1" classes="1"/>
    <file name="Busdriver.js" path="/home/thomas/projects/codeacademy-docker-master/workspace/BusdriversKata_TDD/src/Busdriver.js">
      <metrics statements="8" coveredstatements="8" conditionals="0" coveredconditionals="0" methods="3" coveredmethods="3"/>
      <line num="3" count="2" type="stmt"/>
      <line num="4" count="2" type="stmt"/>
      <line num="5" count="2" type="stmt"/>
      <line num="9" count="2" type="stmt"/>
      <line num="13" count="1" type="stmt"/>
      <line num="14" count="1" type="stmt"/>
      <line num="15" count="1" type="stmt"/>
      <line num="19" count="1" type="stmt"/>
    </file>
  </project>
</coverage>
