{"/home/thomas/projects/codeacademy-docker-master/workspace/BusdriversKata_TDD/src/App.js": {"path":"/home/thomas/projects/codeacademy-docker-master/workspace/BusdriversKata_TDD/src/App.js","statementMap":{"0":{"start":{"line":5,"column":4},"end":{"line":5,"column":40}},"1":{"start":{"line":6,"column":4},"end":{"line":6,"column":42}},"2":{"start":{"line":7,"column":4},"end":{"line":7,"column":19}},"3":{"start":{"line":8,"column":4},"end":{"line":8,"column":22}},"4":{"start":{"line":12,"column":4},"end":{"line":12,"column":71}},"5":{"start":{"line":13,"column":4},"end":{"line":13,"column":36}},"6":{"start":{"line":14,"column":4},"end":{"line":14,"column":32}},"7":{"start":{"line":15,"column":4},"end":{"line":15,"column":30}},"8":{"start":{"line":19,"column":4},"end":{"line":19,"column":53}},"9":{"start":{"line":20,"column":4},"end":{"line":20,"column":54}},"10":{"start":{"line":21,"column":4},"end":{"line":21,"column":50}},"11":{"start":{"line":22,"column":4},"end":{"line":22,"column":53}},"12":{"start":{"line":26,"column":4},"end":{"line":31,"column":5}},"13":{"start":{"line":26,"column":17},"end":{"line":26,"column":18}},"14":{"start":{"line":27,"column":6},"end":{"line":29,"column":7}},"15":{"start":{"line":28,"column":8},"end":{"line":28,"column":14}},"16":{"start":{"line":30,"column":6},"end":{"line":30,"column":22}},"17":{"start":{"line":35,"column":4},"end":{"line":35,"column":17}},"18":{"start":{"line":36,"column":4},"end":{"line":36,"column":41}},"19":{"start":{"line":37,"column":4},"end":{"line":37,"column":32}},"20":{"start":{"line":38,"column":4},"end":{"line":38,"column":30}},"21":{"start":{"line":42,"column":23},"end":{"line":44,"column":5}},"22":{"start":{"line":43,"column":6},"end":{"line":43,"column":54}},"23":{"start":{"line":46,"column":25},"end":{"line":49,"column":5}},"24":{"start":{"line":47,"column":6},"end":{"line":47,"column":58}},"25":{"start":{"line":48,"column":6},"end":{"line":48,"column":47}},"26":{"start":{"line":51,"column":4},"end":{"line":53,"column":5}},"27":{"start":{"line":52,"column":6},"end":{"line":52,"column":30}}},"fnMap":{"0":{"name":"(anonymous_0)","decl":{"start":{"line":4,"column":2},"end":{"line":4,"column":3}},"loc":{"start":{"line":4,"column":26},"end":{"line":9,"column":3}},"line":4},"1":{"name":"(anonymous_1)","decl":{"start":{"line":11,"column":2},"end":{"line":11,"column":3}},"loc":{"start":{"line":11,"column":15},"end":{"line":16,"column":3}},"line":11},"2":{"name":"(anonymous_2)","decl":{"start":{"line":18,"column":2},"end":{"line":18,"column":3}},"loc":{"start":{"line":18,"column":25},"end":{"line":23,"column":3}},"line":18},"3":{"name":"(anonymous_3)","decl":{"start":{"line":25,"column":2},"end":{"line":25,"column":3}},"loc":{"start":{"line":25,"column":8},"end":{"line":32,"column":3}},"line":25},"4":{"name":"(anonymous_4)","decl":{"start":{"line":34,"column":2},"end":{"line":34,"column":3}},"loc":{"start":{"line":34,"column":13},"end":{"line":39,"column":3}},"line":34},"5":{"name":"(anonymous_5)","decl":{"start":{"line":41,"column":2},"end":{"line":41,"column":3}},"loc":{"start":{"line":41,"column":23},"end":{"line":54,"column":3}},"line":41},"6":{"name":"(anonymous_6)","decl":{"start":{"line":42,"column":23},"end":{"line":42,"column":24}},"loc":{"start":{"line":42,"column":29},"end":{"line":44,"column":5}},"line":42},"7":{"name":"(anonymous_7)","decl":{"start":{"line":46,"column":25},"end":{"line":46,"column":26}},"loc":{"start":{"line":46,"column":31},"end":{"line":49,"column":5}},"line":46}},"branchMap":{"0":{"loc":{"start":{"line":27,"column":6},"end":{"line":29,"column":7}},"type":"if","locations":[{"start":{"line":27,"column":6},"end":{"line":29,"column":7}},{"start":{},"end":{}}],"line":27},"1":{"loc":{"start":{"line":51,"column":4},"end":{"line":53,"column":5}},"type":"if","locations":[{"start":{"line":51,"column":4},"end":{"line":53,"column":5}},{"start":{},"end":{}}],"line":51}},"s":{"0":10,"1":10,"2":10,"3":10,"4":10,"5":10,"6":10,"7":10,"8":24,"9":24,"10":24,"11":24,"12":2,"13":2,"14":11,"15":2,"16":9,"17":14,"18":14,"19":14,"20":14,"21":36,"22":36,"23":36,"24":6,"25":6,"26":36,"27":6},"f":{"0":10,"1":10,"2":24,"3":2,"4":14,"5":36,"6":36,"7":6},"b":{"0":[2,9],"1":[6,30]},"_coverageSchema":"1a1c01bbd47fc00a2c39e90264f33305004495a9","hash":"b85611c120e849eb12d273f1db61851379b675a4"}
,"/home/thomas/projects/codeacademy-docker-master/workspace/BusdriversKata_TDD/src/Busdriver.js": {"path":"/home/thomas/projects/codeacademy-docker-master/workspace/BusdriversKata_TDD/src/Busdriver.js","statementMap":{"0":{"start":{"line":3,"column":4},"end":{"line":3,"column":34}},"1":{"start":{"line":4,"column":4},"end":{"line":4,"column":28}},"2":{"start":{"line":5,"column":4},"end":{"line":5,"column":60}},"3":{"start":{"line":6,"column":4},"end":{"line":6,"column":40}},"4":{"start":{"line":7,"column":4},"end":{"line":7,"column":31}},"5":{"start":{"line":8,"column":4},"end":{"line":8,"column":22}},"6":{"start":{"line":12,"column":4},"end":{"line":12,"column":55}},"7":{"start":{"line":13,"column":4},"end":{"line":13,"column":33}},"8":{"start":{"line":14,"column":4},"end":{"line":14,"column":37}},"9":{"start":{"line":18,"column":4},"end":{"line":18,"column":28}},"10":{"start":{"line":22,"column":4},"end":{"line":22,"column":46}},"11":{"start":{"line":26,"column":23},"end":{"line":28,"column":5}},"12":{"start":{"line":27,"column":6},"end":{"line":27,"column":62}},"13":{"start":{"line":30,"column":4},"end":{"line":32,"column":5}},"14":{"start":{"line":31,"column":6},"end":{"line":31,"column":40}},"15":{"start":{"line":33,"column":4},"end":{"line":33,"column":29}}},"fnMap":{"0":{"name":"(anonymous_0)","decl":{"start":{"line":2,"column":2},"end":{"line":2,"column":3}},"loc":{"start":{"line":2,"column":32},"end":{"line":9,"column":3}},"line":2},"1":{"name":"(anonymous_1)","decl":{"start":{"line":11,"column":2},"end":{"line":11,"column":3}},"loc":{"start":{"line":11,"column":15},"end":{"line":15,"column":3}},"line":11},"2":{"name":"(anonymous_2)","decl":{"start":{"line":17,"column":2},"end":{"line":17,"column":3}},"loc":{"start":{"line":17,"column":19},"end":{"line":19,"column":3}},"line":17},"3":{"name":"(anonymous_3)","decl":{"start":{"line":21,"column":2},"end":{"line":21,"column":3}},"loc":{"start":{"line":21,"column":22},"end":{"line":23,"column":3}},"line":21},"4":{"name":"(anonymous_4)","decl":{"start":{"line":25,"column":2},"end":{"line":25,"column":3}},"loc":{"start":{"line":25,"column":23},"end":{"line":34,"column":3}},"line":25},"5":{"name":"(anonymous_5)","decl":{"start":{"line":26,"column":23},"end":{"line":26,"column":24}},"loc":{"start":{"line":26,"column":29},"end":{"line":28,"column":5}},"line":26}},"branchMap":{"0":{"loc":{"start":{"line":30,"column":4},"end":{"line":32,"column":5}},"type":"if","locations":[{"start":{"line":30,"column":4},"end":{"line":32,"column":5}},{"start":{},"end":{}}],"line":30}},"s":{"0":56,"1":56,"2":56,"3":56,"4":56,"5":56,"6":56,"7":56,"8":56,"9":1,"10":126,"11":59,"12":59,"13":59,"14":6,"15":53},"f":{"0":56,"1":56,"2":1,"3":126,"4":59,"5":59},"b":{"0":[6,53]},"_coverageSchema":"1a1c01bbd47fc00a2c39e90264f33305004495a9","hash":"105ea074fdfc447bf8c5eed18686dfb9694eaf55"}
,"/home/thomas/projects/codeacademy-docker-master/workspace/BusdriversKata_TDD/src/BusdriverService.js": {"path":"/home/thomas/projects/codeacademy-docker-master/workspace/BusdriversKata_TDD/src/BusdriverService.js","statementMap":{"0":{"start":{"line":6,"column":4},"end":{"line":6,"column":42}},"1":{"start":{"line":7,"column":4},"end":{"line":7,"column":25}},"2":{"start":{"line":8,"column":4},"end":{"line":8,"column":23}},"3":{"start":{"line":9,"column":4},"end":{"line":9,"column":36}},"4":{"start":{"line":10,"column":4},"end":{"line":10,"column":22}},"5":{"start":{"line":14,"column":4},"end":{"line":14,"column":66}},"6":{"start":{"line":15,"column":4},"end":{"line":15,"column":43}},"7":{"start":{"line":19,"column":28},"end":{"line":22,"column":5}},"8":{"start":{"line":20,"column":22},"end":{"line":20,"column":56}},"9":{"start":{"line":21,"column":6},"end":{"line":21,"column":23}},"10":{"start":{"line":24,"column":4},"end":{"line":31,"column":7}},"11":{"start":{"line":25,"column":23},"end":{"line":29,"column":7}},"12":{"start":{"line":30,"column":6},"end":{"line":30,"column":41}},"13":{"start":{"line":35,"column":4},"end":{"line":37,"column":7}},"14":{"start":{"line":36,"column":6},"end":{"line":36,"column":34}},"15":{"start":{"line":41,"column":36},"end":{"line":47,"column":5}},"16":{"start":{"line":42,"column":25},"end":{"line":42,"column":27}},"17":{"start":{"line":43,"column":6},"end":{"line":45,"column":9}},"18":{"start":{"line":44,"column":8},"end":{"line":44,"column":50}},"19":{"start":{"line":46,"column":6},"end":{"line":46,"column":43}},"20":{"start":{"line":49,"column":24},"end":{"line":49,"column":60}},"21":{"start":{"line":50,"column":4},"end":{"line":50,"column":26}},"22":{"start":{"line":52,"column":4},"end":{"line":55,"column":7}},"23":{"start":{"line":53,"column":27},"end":{"line":53,"column":53}},"24":{"start":{"line":54,"column":6},"end":{"line":54,"column":41}},"25":{"start":{"line":57,"column":4},"end":{"line":57,"column":50}},"26":{"start":{"line":61,"column":20},"end":{"line":61,"column":22}},"27":{"start":{"line":63,"column":4},"end":{"line":65,"column":7}},"28":{"start":{"line":64,"column":6},"end":{"line":64,"column":45}},"29":{"start":{"line":66,"column":4},"end":{"line":66,"column":52}},"30":{"start":{"line":70,"column":4},"end":{"line":70,"column":23}},"31":{"start":{"line":72,"column":32},"end":{"line":86,"column":5}},"32":{"start":{"line":73,"column":6},"end":{"line":85,"column":7}},"33":{"start":{"line":74,"column":32},"end":{"line":77,"column":9}},"34":{"start":{"line":78,"column":8},"end":{"line":80,"column":11}},"35":{"start":{"line":79,"column":10},"end":{"line":79,"column":65}},"36":{"start":{"line":82,"column":28},"end":{"line":82,"column":72}},"37":{"start":{"line":84,"column":8},"end":{"line":84,"column":42}},"38":{"start":{"line":88,"column":24},"end":{"line":91,"column":5}},"39":{"start":{"line":89,"column":27},"end":{"line":89,"column":53}},"40":{"start":{"line":90,"column":6},"end":{"line":90,"column":45}},"41":{"start":{"line":93,"column":33},"end":{"line":97,"column":5}},"42":{"start":{"line":94,"column":6},"end":{"line":96,"column":7}},"43":{"start":{"line":95,"column":8},"end":{"line":95,"column":59}},"44":{"start":{"line":99,"column":4},"end":{"line":101,"column":7}},"45":{"start":{"line":100,"column":6},"end":{"line":100,"column":64}},"46":{"start":{"line":105,"column":24},"end":{"line":111,"column":5}},"47":{"start":{"line":106,"column":6},"end":{"line":110,"column":9}},"48":{"start":{"line":107,"column":8},"end":{"line":109,"column":9}},"49":{"start":{"line":108,"column":10},"end":{"line":108,"column":51}},"50":{"start":{"line":113,"column":4},"end":{"line":115,"column":7}},"51":{"start":{"line":114,"column":6},"end":{"line":114,"column":54}},"52":{"start":{"line":119,"column":17},"end":{"line":119,"column":18}},"53":{"start":{"line":120,"column":4},"end":{"line":122,"column":7}},"54":{"start":{"line":121,"column":6},"end":{"line":121,"column":23}},"55":{"start":{"line":123,"column":4},"end":{"line":123,"column":24}}},"fnMap":{"0":{"name":"(anonymous_0)","decl":{"start":{"line":5,"column":2},"end":{"line":5,"column":3}},"loc":{"start":{"line":5,"column":26},"end":{"line":11,"column":3}},"line":5},"1":{"name":"(anonymous_1)","decl":{"start":{"line":13,"column":2},"end":{"line":13,"column":3}},"loc":{"start":{"line":13,"column":15},"end":{"line":16,"column":3}},"line":13},"2":{"name":"(anonymous_2)","decl":{"start":{"line":18,"column":2},"end":{"line":18,"column":3}},"loc":{"start":{"line":18,"column":21},"end":{"line":32,"column":3}},"line":18},"3":{"name":"(anonymous_3)","decl":{"start":{"line":19,"column":28},"end":{"line":19,"column":29}},"loc":{"start":{"line":19,"column":53},"end":{"line":22,"column":5}},"line":19},"4":{"name":"(anonymous_4)","decl":{"start":{"line":24,"column":41},"end":{"line":24,"column":42}},"loc":{"start":{"line":24,"column":59},"end":{"line":31,"column":5}},"line":24},"5":{"name":"(anonymous_5)","decl":{"start":{"line":34,"column":2},"end":{"line":34,"column":3}},"loc":{"start":{"line":34,"column":26},"end":{"line":38,"column":3}},"line":34},"6":{"name":"(anonymous_6)","decl":{"start":{"line":35,"column":28},"end":{"line":35,"column":29}},"loc":{"start":{"line":35,"column":40},"end":{"line":37,"column":5}},"line":35},"7":{"name":"(anonymous_7)","decl":{"start":{"line":40,"column":2},"end":{"line":40,"column":3}},"loc":{"start":{"line":40,"column":38},"end":{"line":58,"column":3}},"line":40},"8":{"name":"(anonymous_8)","decl":{"start":{"line":41,"column":36},"end":{"line":41,"column":37}},"loc":{"start":{"line":41,"column":42},"end":{"line":47,"column":5}},"line":41},"9":{"name":"(anonymous_9)","decl":{"start":{"line":43,"column":29},"end":{"line":43,"column":30}},"loc":{"start":{"line":43,"column":40},"end":{"line":45,"column":7}},"line":43},"10":{"name":"(anonymous_10)","decl":{"start":{"line":52,"column":28},"end":{"line":52,"column":29}},"loc":{"start":{"line":52,"column":40},"end":{"line":55,"column":5}},"line":52},"11":{"name":"(anonymous_11)","decl":{"start":{"line":60,"column":2},"end":{"line":60,"column":3}},"loc":{"start":{"line":60,"column":39},"end":{"line":67,"column":3}},"line":60},"12":{"name":"(anonymous_12)","decl":{"start":{"line":63,"column":42},"end":{"line":63,"column":43}},"loc":{"start":{"line":63,"column":70},"end":{"line":65,"column":5}},"line":63},"13":{"name":"(anonymous_13)","decl":{"start":{"line":69,"column":2},"end":{"line":69,"column":3}},"loc":{"start":{"line":69,"column":35},"end":{"line":102,"column":3}},"line":69},"14":{"name":"(anonymous_14)","decl":{"start":{"line":72,"column":32},"end":{"line":72,"column":33}},"loc":{"start":{"line":72,"column":74},"end":{"line":86,"column":5}},"line":72},"15":{"name":"(anonymous_15)","decl":{"start":{"line":78,"column":32},"end":{"line":78,"column":33}},"loc":{"start":{"line":78,"column":44},"end":{"line":80,"column":9}},"line":78},"16":{"name":"(anonymous_16)","decl":{"start":{"line":88,"column":24},"end":{"line":88,"column":25}},"loc":{"start":{"line":88,"column":50},"end":{"line":91,"column":5}},"line":88},"17":{"name":"(anonymous_17)","decl":{"start":{"line":93,"column":33},"end":{"line":93,"column":34}},"loc":{"start":{"line":93,"column":71},"end":{"line":97,"column":5}},"line":93},"18":{"name":"(anonymous_18)","decl":{"start":{"line":99,"column":48},"end":{"line":99,"column":49}},"loc":{"start":{"line":99,"column":68},"end":{"line":101,"column":5}},"line":99},"19":{"name":"(anonymous_19)","decl":{"start":{"line":104,"column":2},"end":{"line":104,"column":3}},"loc":{"start":{"line":104,"column":38},"end":{"line":116,"column":3}},"line":104},"20":{"name":"(anonymous_20)","decl":{"start":{"line":105,"column":24},"end":{"line":105,"column":25}},"loc":{"start":{"line":105,"column":58},"end":{"line":111,"column":5}},"line":105},"21":{"name":"(anonymous_21)","decl":{"start":{"line":106,"column":43},"end":{"line":106,"column":44}},"loc":{"start":{"line":106,"column":62},"end":{"line":110,"column":7}},"line":106},"22":{"name":"(anonymous_22)","decl":{"start":{"line":113,"column":26},"end":{"line":113,"column":27}},"loc":{"start":{"line":113,"column":39},"end":{"line":115,"column":5}},"line":113},"23":{"name":"(anonymous_23)","decl":{"start":{"line":118,"column":2},"end":{"line":118,"column":3}},"loc":{"start":{"line":118,"column":30},"end":{"line":124,"column":3}},"line":118},"24":{"name":"(anonymous_24)","decl":{"start":{"line":120,"column":39},"end":{"line":120,"column":40}},"loc":{"start":{"line":120,"column":51},"end":{"line":122,"column":5}},"line":120}},"branchMap":{"0":{"loc":{"start":{"line":73,"column":6},"end":{"line":85,"column":7}},"type":"if","locations":[{"start":{"line":73,"column":6},"end":{"line":85,"column":7}},{"start":{},"end":{}}],"line":73},"1":{"loc":{"start":{"line":94,"column":6},"end":{"line":96,"column":7}},"type":"if","locations":[{"start":{"line":94,"column":6},"end":{"line":96,"column":7}},{"start":{},"end":{}}],"line":94},"2":{"loc":{"start":{"line":107,"column":8},"end":{"line":109,"column":9}},"type":"if","locations":[{"start":{"line":107,"column":8},"end":{"line":109,"column":9}},{"start":{},"end":{}}],"line":107}},"s":{"0":17,"1":17,"2":17,"3":17,"4":17,"5":17,"6":17,"7":17,"8":51,"9":51,"10":17,"11":51,"12":51,"13":19,"14":57,"15":28,"16":28,"17":28,"18":84,"19":28,"20":28,"21":28,"22":28,"23":84,"24":84,"25":28,"26":27,"27":27,"28":231,"29":27,"30":26,"31":26,"32":222,"33":13,"34":13,"35":39,"36":13,"37":13,"38":26,"39":39,"40":39,"41":26,"42":39,"43":27,"44":26,"45":222,"46":25,"47":12,"48":36,"49":15,"50":25,"51":12,"52":37,"53":37,"54":111,"55":37},"f":{"0":17,"1":17,"2":17,"3":51,"4":51,"5":19,"6":57,"7":28,"8":28,"9":84,"10":84,"11":27,"12":231,"13":26,"14":222,"15":39,"16":39,"17":39,"18":222,"19":25,"20":12,"21":36,"22":12,"23":37,"24":111},"b":{"0":[13,209],"1":[27,12],"2":[15,21]},"_coverageSchema":"1a1c01bbd47fc00a2c39e90264f33305004495a9","hash":"9fef7c9442fa9baabf335cb985b6de9eb673e94a"}
,"/home/thomas/projects/codeacademy-docker-master/workspace/BusdriversKata_TDD/src/GossipExchangeStation.js": {"path":"/home/thomas/projects/codeacademy-docker-master/workspace/BusdriversKata_TDD/src/GossipExchangeStation.js","statementMap":{"0":{"start":{"line":3,"column":4},"end":{"line":3,"column":61}},"1":{"start":{"line":4,"column":4},"end":{"line":4,"column":69}},"2":{"start":{"line":5,"column":4},"end":{"line":5,"column":22}},"3":{"start":{"line":9,"column":4},"end":{"line":9,"column":62}},"4":{"start":{"line":10,"column":4},"end":{"line":10,"column":40}},"5":{"start":{"line":11,"column":4},"end":{"line":11,"column":26}},"6":{"start":{"line":12,"column":4},"end":{"line":12,"column":31}},"7":{"start":{"line":16,"column":24},"end":{"line":22,"column":5}},"8":{"start":{"line":17,"column":6},"end":{"line":21,"column":9}},"9":{"start":{"line":18,"column":8},"end":{"line":20,"column":9}},"10":{"start":{"line":19,"column":10},"end":{"line":19,"column":48}},"11":{"start":{"line":24,"column":4},"end":{"line":26,"column":7}},"12":{"start":{"line":25,"column":6},"end":{"line":25,"column":38}},"13":{"start":{"line":30,"column":4},"end":{"line":32,"column":7}},"14":{"start":{"line":31,"column":6},"end":{"line":31,"column":51}},"15":{"start":{"line":36,"column":35},"end":{"line":36,"column":66}},"16":{"start":{"line":37,"column":4},"end":{"line":37,"column":41}},"17":{"start":{"line":39,"column":40},"end":{"line":45,"column":5}},"18":{"start":{"line":40,"column":19},"end":{"line":40,"column":20}},"19":{"start":{"line":41,"column":6},"end":{"line":43,"column":9}},"20":{"start":{"line":42,"column":8},"end":{"line":42,"column":25}},"21":{"start":{"line":44,"column":6},"end":{"line":44,"column":26}},"22":{"start":{"line":46,"column":4},"end":{"line":50,"column":5}},"23":{"start":{"line":47,"column":6},"end":{"line":49,"column":9}},"24":{"start":{"line":48,"column":8},"end":{"line":48,"column":51}},"25":{"start":{"line":51,"column":4},"end":{"line":51,"column":36}}},"fnMap":{"0":{"name":"(anonymous_0)","decl":{"start":{"line":2,"column":2},"end":{"line":2,"column":3}},"loc":{"start":{"line":2,"column":33},"end":{"line":6,"column":3}},"line":2},"1":{"name":"(anonymous_1)","decl":{"start":{"line":8,"column":2},"end":{"line":8,"column":3}},"loc":{"start":{"line":8,"column":15},"end":{"line":13,"column":3}},"line":8},"2":{"name":"(anonymous_2)","decl":{"start":{"line":15,"column":2},"end":{"line":15,"column":3}},"loc":{"start":{"line":15,"column":19},"end":{"line":27,"column":3}},"line":15},"3":{"name":"(anonymous_3)","decl":{"start":{"line":16,"column":24},"end":{"line":16,"column":25}},"loc":{"start":{"line":16,"column":47},"end":{"line":22,"column":5}},"line":16},"4":{"name":"(anonymous_4)","decl":{"start":{"line":17,"column":32},"end":{"line":17,"column":33}},"loc":{"start":{"line":17,"column":51},"end":{"line":21,"column":7}},"line":17},"5":{"name":"(anonymous_5)","decl":{"start":{"line":24,"column":37},"end":{"line":24,"column":38}},"loc":{"start":{"line":24,"column":49},"end":{"line":26,"column":5}},"line":24},"6":{"name":"(anonymous_6)","decl":{"start":{"line":29,"column":2},"end":{"line":29,"column":3}},"loc":{"start":{"line":29,"column":24},"end":{"line":33,"column":3}},"line":29},"7":{"name":"(anonymous_7)","decl":{"start":{"line":30,"column":37},"end":{"line":30,"column":38}},"loc":{"start":{"line":30,"column":49},"end":{"line":32,"column":5}},"line":30},"8":{"name":"(anonymous_8)","decl":{"start":{"line":35,"column":2},"end":{"line":35,"column":3}},"loc":{"start":{"line":35,"column":29},"end":{"line":52,"column":3}},"line":35},"9":{"name":"(anonymous_9)","decl":{"start":{"line":39,"column":40},"end":{"line":39,"column":41}},"loc":{"start":{"line":39,"column":46},"end":{"line":45,"column":5}},"line":39},"10":{"name":"(anonymous_10)","decl":{"start":{"line":41,"column":38},"end":{"line":41,"column":39}},"loc":{"start":{"line":41,"column":50},"end":{"line":43,"column":7}},"line":41},"11":{"name":"(anonymous_11)","decl":{"start":{"line":47,"column":39},"end":{"line":47,"column":40}},"loc":{"start":{"line":47,"column":51},"end":{"line":49,"column":7}},"line":47}},"branchMap":{"0":{"loc":{"start":{"line":18,"column":8},"end":{"line":20,"column":9}},"type":"if","locations":[{"start":{"line":18,"column":8},"end":{"line":20,"column":9}},{"start":{},"end":{}}],"line":18},"1":{"loc":{"start":{"line":46,"column":4},"end":{"line":50,"column":5}},"type":"if","locations":[{"start":{"line":46,"column":4},"end":{"line":50,"column":5}},{"start":{},"end":{}}],"line":46}},"s":{"0":14,"1":14,"2":14,"3":14,"4":14,"5":14,"6":14,"7":17,"8":39,"9":129,"10":75,"11":17,"12":39,"13":16,"14":36,"15":13,"16":13,"17":13,"18":13,"19":13,"20":40,"21":13,"22":13,"23":8,"24":18,"25":13},"f":{"0":14,"1":14,"2":17,"3":39,"4":129,"5":39,"6":16,"7":36,"8":13,"9":13,"10":40,"11":18},"b":{"0":[75,54],"1":[8,5]},"_coverageSchema":"1a1c01bbd47fc00a2c39e90264f33305004495a9","hash":"1c16a138436d62bf6ef1b0442eb1ff232771311a"}
}
