TN:
SF:src/Busdriver.js
FN:2,(anonymous_0)
FN:10,(anonymous_1)
FN:14,(anonymous_2)
FN:18,(anonymous_3)
FN:24,(anonymous_4)
FN:25,(anonymous_5)
FNF:6
FNH:6
FNDA:17,(anonymous_0)
FNDA:1,(anonymous_1)
FNDA:8,(anonymous_2)
FNDA:13,(anonymous_3)
FNDA:11,(anonymous_4)
FNDA:11,(anonymous_5)
DA:3,17
DA:4,17
DA:5,17
DA:6,17
DA:7,17
DA:11,1
DA:15,8
DA:19,13
DA:20,13
DA:21,13
DA:25,11
DA:26,11
DA:29,11
DA:30,1
DA:32,10
LF:15
LH:15
BRDA:29,0,0,1
BRDA:29,0,1,10
BRF:2
BRH:2
end_of_record
TN:
SF:src/BusdriverService.js
FN:4,(anonymous_0)
FN:9,(anonymous_1)
FN:10,(anonymous_2)
FN:16,(anonymous_3)
FN:26,(anonymous_4)
FN:27,(anonymous_5)
FN:32,(anonymous_6)
FN:36,(anonymous_7)
FN:44,(anonymous_8)
FN:46,(anonymous_9)
FNF:10
FNH:10
FNDA:4,(anonymous_0)
FNDA:4,(anonymous_1)
FNDA:12,(anonymous_2)
FNDA:12,(anonymous_3)
FNDA:3,(anonymous_4)
FNDA:9,(anonymous_5)
FNDA:2,(anonymous_6)
FNDA:6,(anonymous_7)
FNDA:1,(anonymous_8)
FNDA:4,(anonymous_9)
DA:5,4
DA:6,4
DA:10,4
DA:11,12
DA:12,12
DA:13,12
DA:16,4
DA:17,12
DA:22,12
DA:27,3
DA:28,9
DA:33,2
DA:34,2
DA:36,2
DA:37,6
DA:38,6
DA:41,2
DA:45,1
DA:46,1
DA:47,4
DA:49,1
LF:21
LH:21
BRF:0
BRH:0
end_of_record
